0 info it worked if it ends with ok
1 verbose cli [ '/usr/local/Cellar/node/7.7.1/bin/node',
1 verbose cli   '/usr/local/bin/npm',
1 verbose cli   'publish' ]
2 info using npm@4.1.2
3 info using node@v7.7.1
4 verbose publish [ '.' ]
5 silly cache add args [ '.', null ]
6 verbose cache add spec .
7 silly cache add parsed spec Result {
7 silly cache add   raw: '.',
7 silly cache add   scope: null,
7 silly cache add   escapedName: null,
7 silly cache add   name: null,
7 silly cache add   rawSpec: '.',
7 silly cache add   spec: '/Users/rynj/workspace/ezxpress',
7 silly cache add   type: 'directory' }
8 verbose addLocalDirectory /Users/rynj/.npm/ezxpress/1.0.3/package.tgz not in flight; packing
9 verbose correctMkdir /Users/rynj/.npm correctMkdir not in flight; initializing
10 info lifecycle ezxpress@1.0.3~prepublish: ezxpress@1.0.3
11 silly lifecycle ezxpress@1.0.3~prepublish: no script for prepublish, continuing
12 info lifecycle ezxpress@1.0.3~prepare: ezxpress@1.0.3
13 silly lifecycle ezxpress@1.0.3~prepare: no script for prepare, continuing
14 verbose tar pack [ '/Users/rynj/.npm/ezxpress/1.0.3/package.tgz',
14 verbose tar pack   '/Users/rynj/workspace/ezxpress' ]
15 verbose tarball /Users/rynj/.npm/ezxpress/1.0.3/package.tgz
16 verbose folder /Users/rynj/workspace/ezxpress
17 verbose addLocalTarball adding from inside cache /Users/rynj/.npm/ezxpress/1.0.3/package.tgz
18 verbose correctMkdir /Users/rynj/.npm correctMkdir not in flight; initializing
19 silly cache afterAdd ezxpress@1.0.3
20 verbose afterAdd /Users/rynj/.npm/ezxpress/1.0.3/package/package.json not in flight; writing
21 verbose correctMkdir /Users/rynj/.npm correctMkdir not in flight; initializing
22 verbose afterAdd /Users/rynj/.npm/ezxpress/1.0.3/package/package.json written
23 silly publish { author: { name: 'Ryan Johnson', email: 'ryanj89@gmail.com' },
23 silly publish   bin: { ezx: './bin/ezxpress' },
23 silly publish   dependencies: { commander: '^2.9.0', mkdirp: '^0.5.1' },
23 silly publish   description: 'Simple express app generator with AngularJS front-end framework',
23 silly publish   homepage: 'https://github.com/ryanj89/ezxpress#readme',
23 silly publish   license: 'ISC',
23 silly publish   main: 'bin/ezxpress',
23 silly publish   name: 'ezxpress',
23 silly publish   repository:
23 silly publish    { type: 'git',
23 silly publish      url: 'git+https://github.com/ryanj89/ezxpress.git' },
23 silly publish   scripts: { test: 'echo "Error: no test specified" && exit 1' },
23 silly publish   version: '1.0.3',
23 silly publish   readme: '[![Express Logo](https://i.cloudup.com/zfY6lL7eFa-3000x3000.png)](http://expressjs.com/)\n\n[Express](https://www.npmjs.com/package/express) application generator with AngularJS boilerplate.\n\n[![NPM Version][npm-image]][npm-url]\n[![NPM Downloads][downloads-image]][downloads-url]\n\n## Installation\n\n```sh\n$ npm install -g ezxpress\n```\n\n## Quick Start\n\nCreate the app:\n\n```sh\n$ ezx --git --gulp /tmp/foo\n```\n\nInstall dependencies:\n\n```sh\n$ cd /tmp/foo && npm install\n```\n\nStart your Express.js app at `http://localhost:5000/`:\n\n```sh\n$ npm start\n```\n\n## Command Line Options\n\nThis generator can also be further configured with the following command line flags.\n\n    -h, --help          output usage information\n        --version       output the version number\n    -c, --css <engine>  add stylesheet <engine> support (less|stylus|compass|sass) (default: css)\n        --git           add .gitignore\n        --gulp          add gulpfile.js with browser-sync and nodemon\n    -f, --force         force on non-empty directory\n\n## License\n\n[ISC](LICENSE)\n\n[npm-image]: https://img.shields.io/npm/v/ezxpress.svg\n[npm-url]: https://npmjs.org/package/ezxpress\n[downloads-image]: https://img.shields.io/npm/dm/ezxpress.svg\n[downloads-url]: https://npmjs.org/package/ezxpress\n',
23 silly publish   readmeFilename: 'README.md',
23 silly publish   gitHead: 'f8513bc4616839affb849d496343c35a1a30e1f7',
23 silly publish   bugs: { url: 'https://github.com/ryanj89/ezxpress/issues' },
23 silly publish   _id: 'ezxpress@1.0.3',
23 silly publish   _shasum: '95595fc09c4800581e45f7b945d2da36cce1c08a',
23 silly publish   _from: '.' }
24 info lifecycle ezxpress@1.0.3~prepublishOnly: ezxpress@1.0.3
25 silly lifecycle ezxpress@1.0.3~prepublishOnly: no script for prepublishOnly, continuing
26 verbose getPublishConfig undefined
27 silly mapToRegistry name ezxpress
28 silly mapToRegistry using default registry
29 silly mapToRegistry registry https://registry.npmjs.org/
30 silly mapToRegistry data Result {
30 silly mapToRegistry   raw: 'ezxpress',
30 silly mapToRegistry   scope: null,
30 silly mapToRegistry   escapedName: 'ezxpress',
30 silly mapToRegistry   name: 'ezxpress',
30 silly mapToRegistry   rawSpec: '',
30 silly mapToRegistry   spec: 'latest',
30 silly mapToRegistry   type: 'tag' }
31 silly mapToRegistry uri https://registry.npmjs.org/ezxpress
32 verbose publish registryBase https://registry.npmjs.org/
33 silly publish uploading /Users/rynj/.npm/ezxpress/1.0.3/package.tgz
34 verbose request uri https://registry.npmjs.org/ezxpress
35 verbose request sending authorization for write operation
36 info attempt registry request try #1 at 12:55:41 PM
37 verbose request using bearer token for auth
38 verbose request id 1f73c88a8119843c
39 http request PUT https://registry.npmjs.org/ezxpress
40 http 403 https://registry.npmjs.org/ezxpress
41 verbose headers { 'content-type': 'application/json',
41 verbose headers   'cache-control': 'max-age=300',
41 verbose headers   'content-length': '95',
41 verbose headers   'accept-ranges': 'bytes',
41 verbose headers   date: 'Tue, 11 Apr 2017 18:55:42 GMT',
41 verbose headers   via: '1.1 varnish',
41 verbose headers   connection: 'keep-alive',
41 verbose headers   'x-served-by': 'cache-den6026-DEN',
41 verbose headers   'x-cache': 'MISS',
41 verbose headers   'x-cache-hits': '0',
41 verbose headers   'x-timer': 'S1491936941.435477,VS0,VE735',
41 verbose headers   vary: 'Accept-Encoding' }
42 verbose request invalidating /Users/rynj/.npm/registry.npmjs.org/ezxpress on PUT
43 error publish Failed PUT 403
44 verbose stack Error: "You cannot publish over the previously published version 1.0.3." : ezxpress
44 verbose stack     at makeError (/usr/local/lib/node_modules/npm/node_modules/npm-registry-client/lib/request.js:304:12)
44 verbose stack     at CachingRegistryClient.<anonymous> (/usr/local/lib/node_modules/npm/node_modules/npm-registry-client/lib/request.js:292:14)
44 verbose stack     at Request._callback (/usr/local/lib/node_modules/npm/node_modules/npm-registry-client/lib/request.js:212:14)
44 verbose stack     at Request.self.callback (/usr/local/lib/node_modules/npm/node_modules/request/request.js:186:22)
44 verbose stack     at emitTwo (events.js:106:13)
44 verbose stack     at Request.emit (events.js:194:7)
44 verbose stack     at Request.<anonymous> (/usr/local/lib/node_modules/npm/node_modules/request/request.js:1081:10)
44 verbose stack     at emitOne (events.js:96:13)
44 verbose stack     at Request.emit (events.js:191:7)
44 verbose stack     at IncomingMessage.<anonymous> (/usr/local/lib/node_modules/npm/node_modules/request/request.js:1001:12)
45 verbose statusCode 403
46 verbose pkgid ezxpress
47 verbose cwd /Users/rynj/workspace/ezxpress
48 error Darwin 16.3.0
49 error argv "/usr/local/Cellar/node/7.7.1/bin/node" "/usr/local/bin/npm" "publish"
50 error node v7.7.1
51 error npm  v4.1.2
52 error code E403
53 error "You cannot publish over the previously published version 1.0.3." : ezxpress
54 error If you need help, you may report this error at:
54 error     <https://github.com/npm/npm/issues>
55 verbose exit [ 1, true ]
